# JRE version: OpenJDK Runtime Environment (8.0_242-b01) (build 1.8.0_242-release-1644-b01)
# Java VM: OpenJDK 64-Bit Server VM (25.242-b01 mixed mode windows-amd64 compressed oops)
Heap:
 PSYoungGen      total 116736K, used 35145K [0x00000000f5580000, 0x0000000100000000, 0x0000000100000000)
  eden space 58880K, 56% used [0x00000000f5580000,0x00000000f763e6d0,0x00000000f8f00000)
  from space 57856K, 2% used [0x00000000fc780000,0x00000000fc914010,0x0000000100000000)
  to   space 57856K, 0% used [0x00000000f8f00000,0x00000000f8f00000,0x00000000fc780000)
 ParOldGen       total 349696K, used 302433K [0x00000000e0000000, 0x00000000f5580000, 0x00000000f5580000)
  object space 349696K, 86% used [0x00000000e0000000,0x00000000f2758418,0x00000000f5580000)
 Metaspace       used 109873K, capacity 118750K, committed 118912K, reserved 1153024K
  class space    used 13839K, capacity 15733K, committed 15744K, reserved 1048576K
GC Heap History (10 events):
Event: 18617.233 GC heap before
{Heap before GC invocations=144 (full 16):
 PSYoungGen      total 114688K, used 97636K [0x00000000f5580000, 0x0000000100000000, 0x0000000100000000)
  eden space 56832K, 100% used [0x00000000f5580000,0x00000000f8d00000,0x00000000f8d00000)
  from space 57856K, 70% used [0x00000000f8d00000,0x00000000fb4d9200,0x00000000fc580000)
  to   space 57856K, 0% used [0x00000000fc780000,0x00000000fc780000,0x0000000100000000)
 ParOldGen       total 349696K, used 261643K [0x00000000e0000000, 0x00000000f5580000, 0x00000000f5580000)
  object space 349696K, 74% used [0x00000000e0000000,0x00000000eff82dd0,0x00000000f5580000)
 Metaspace       used 109826K, capacity 118670K, committed 118912K, reserved 1153024K
  class space    used 13836K, capacity 15731K, committed 15744K, reserved 1048576K
Event: 18617.280 GC heap after
Heap after GC invocations=144 (full 16):
 PSYoungGen      total 116736K, used 40655K [0x00000000f5580000, 0x0000000100000000, 0x0000000100000000)
  eden space 58880K, 0% used [0x00000000f5580000,0x00000000f5580000,0x00000000f8f00000)
  from space 57856K, 70% used [0x00000000fc780000,0x00000000fef33fb8,0x0000000100000000)
  to   space 57856K, 0% used [0x00000000f8f00000,0x00000000f8f00000,0x00000000fc780000)
 ParOldGen       total 349696K, used 262798K [0x00000000e0000000, 0x00000000f5580000, 0x00000000f5580000)
  object space 349696K, 75% used [0x00000000e0000000,0x00000000f00a3a68,0x00000000f5580000)
 Metaspace       used 109826K, capacity 118670K, committed 118912K, reserved 1153024K
  class space    used 13836K, capacity 15731K, committed 15744K, reserved 1048576K
}
Event: 18617.731 GC heap before
{Heap before GC invocations=145 (full 16):
 PSYoungGen      total 116736K, used 99535K [0x00000000f5580000, 0x0000000100000000, 0x0000000100000000)
  eden space 58880K, 100% used [0x00000000f5580000,0x00000000f8f00000,0x00000000f8f00000)
  from space 57856K, 70% used [0x00000000fc780000,0x00000000fef33fb8,0x0000000100000000)
  to   space 57856K, 0% used [0x00000000f8f00000,0x00000000f8f00000,0x00000000fc780000)
 ParOldGen       total 349696K, used 262798K [0x00000000e0000000, 0x00000000f5580000, 0x00000000f5580000)
  object space 349696K, 75% used [0x00000000e0000000,0x00000000f00a3a68,0x00000000f5580000)
 Metaspace       used 109834K, capacity 118670K, committed 118912K, reserved 1153024K
  class space    used 13836K, capacity 15731K, committed 15744K, reserved 1048576K
Event: 18617.769 GC heap after
Heap after GC invocations=145 (full 16):
 PSYoungGen      total 116736K, used 40692K [0x00000000f5580000, 0x0000000100000000, 0x0000000100000000)
  eden space 58880K, 0% used [0x00000000f5580000,0x00000000f5580000,0x00000000f8f00000)
  from space 57856K, 70% used [0x00000000f8f00000,0x00000000fb6bd210,0x00000000fc780000)
  to   space 57856K, 0% used [0x00000000fc780000,0x00000000fc780000,0x0000000100000000)
 ParOldGen       total 349696K, used 263651K [0x00000000e0000000, 0x00000000f5580000, 0x00000000f5580000)
  object space 349696K, 75% used [0x00000000e0000000,0x00000000f0178ed8,0x00000000f5580000)
 Metaspace       used 109834K, capacity 118670K, committed 118912K, reserved 1153024K
  class space    used 13836K, capacity 15731K, committed 15744K, reserved 1048576K
}
Event: 18618.161 GC heap before
{Heap before GC invocations=146 (full 16):
 PSYoungGen      total 116736K, used 99572K [0x00000000f5580000, 0x0000000100000000, 0x0000000100000000)
  eden space 58880K, 100% used [0x00000000f5580000,0x00000000f8f00000,0x00000000f8f00000)
  from space 57856K, 70% used [0x00000000f8f00000,0x00000000fb6bd210,0x00000000fc780000)
  to   space 57856K, 0% used [0x00000000fc780000,0x00000000fc780000,0x0000000100000000)
 ParOldGen       total 349696K, used 263651K [0x00000000e0000000, 0x00000000f5580000, 0x00000000f5580000)
  object space 349696K, 75% used [0x00000000e0000000,0x00000000f0178ed8,0x00000000f5580000)
 Metaspace       used 109835K, capacity 118734K, committed 118912K, reserved 1153024K
  class space    used 13836K, capacity 15731K, committed 15744K, reserved 1048576K
Event: 18618.200 GC heap after
Heap after GC invocations=146 (full 16):
 PSYoungGen      total 116736K, used 21056K [0x00000000f5580000, 0x0000000100000000, 0x0000000100000000)
  eden space 58880K, 0% used [0x00000000f5580000,0x00000000f5580000,0x00000000f8f00000)
  from space 57856K, 36% used [0x00000000fc780000,0x00000000fdc10040,0x0000000100000000)
  to   space 57856K, 0% used [0x00000000f8f00000,0x00000000f8f00000,0x00000000fc780000)
 ParOldGen       total 349696K, used 284627K [0x00000000e0000000, 0x00000000f5580000, 0x00000000f5580000)
  object space 349696K, 81% used [0x00000000e0000000,0x00000000f15f4e58,0x00000000f5580000)
 Metaspace       used 109835K, capacity 118734K, committed 118912K, reserved 1153024K
  class space    used 13836K, capacity 15731K, committed 15744K, reserved 1048576K
}
Event: 18618.324 GC heap before
{Heap before GC invocations=147 (full 16):
 PSYoungGen      total 116736K, used 79936K [0x00000000f5580000, 0x0000000100000000, 0x0000000100000000)
  eden space 58880K, 100% used [0x00000000f5580000,0x00000000f8f00000,0x00000000f8f00000)
  from space 57856K, 36% used [0x00000000fc780000,0x00000000fdc10040,0x0000000100000000)
  to   space 57856K, 0% used [0x00000000f8f00000,0x00000000f8f00000,0x00000000fc780000)
 ParOldGen       total 349696K, used 284627K [0x00000000e0000000, 0x00000000f5580000, 0x00000000f5580000)
  object space 349696K, 81% used [0x00000000e0000000,0x00000000f15f4e58,0x00000000f5580000)
 Metaspace       used 109835K, capacity 118734K, committed 118912K, reserved 1153024K
  class space    used 13836K, capacity 15731K, committed 15744K, reserved 1048576K
Event: 18618.343 GC heap after
Heap after GC invocations=147 (full 16):
 PSYoungGen      total 116736K, used 4176K [0x00000000f5580000, 0x0000000100000000, 0x0000000100000000)
  eden space 58880K, 0% used [0x00000000f5580000,0x00000000f5580000,0x00000000f8f00000)
  from space 57856K, 7% used [0x00000000f8f00000,0x00000000f93140b8,0x00000000fc780000)
  to   space 57856K, 0% used [0x00000000fc780000,0x00000000fc780000,0x0000000100000000)
 ParOldGen       total 349696K, used 301180K [0x00000000e0000000, 0x00000000f5580000, 0x00000000f5580000)
  object space 349696K, 86% used [0x00000000e0000000,0x00000000f261f198,0x00000000f5580000)
 Metaspace       used 109835K, capacity 118734K, committed 118912K, reserved 1153024K
  class space    used 13836K, capacity 15731K, committed 15744K, reserved 1048576K
}
Event: 21583.879 GC heap before
{Heap before GC invocations=148 (full 16):
 PSYoungGen      total 116736K, used 63056K [0x00000000f5580000, 0x0000000100000000, 0x0000000100000000)
  eden space 58880K, 100% used [0x00000000f5580000,0x00000000f8f00000,0x00000000f8f00000)
  from space 57856K, 7% used [0x00000000f8f00000,0x00000000f93140b8,0x00000000fc780000)
  to   space 57856K, 0% used [0x00000000fc780000,0x00000000fc780000,0x0000000100000000)
 ParOldGen       total 349696K, used 301180K [0x00000000e0000000, 0x00000000f5580000, 0x00000000f5580000)
  object space 349696K, 86% used [0x00000000e0000000,0x00000000f261f198,0x00000000f5580000)
 Metaspace       used 109849K, capacity 118734K, committed 118912K, reserved 1153024K
  class space    used 13837K, capacity 15731K, committed 15744K, reserved 1048576K
Event: 21583.908 GC heap after
Heap after GC invocations=148 (full 16):
 PSYoungGen      total 116736K, used 1616K [0x00000000f5580000, 0x0000000100000000, 0x0000000100000000)
  eden space 58880K, 0% used [0x00000000f5580000,0x00000000f5580000,0x00000000f8f00000)
  from space 57856K, 2% used [0x00000000fc780000,0x00000000fc914010,0x0000000100000000)
  to   space 57856K, 0% used [0x00000000f8f00000,0x00000000f8f00000,0x00000000fc780000)
 ParOldGen       total 349696K, used 302433K [0x00000000e0000000, 0x00000000f5580000, 0x00000000f5580000)
  object space 349696K, 86% used [0x00000000e0000000,0x00000000f2758418,0x00000000f5580000)
 Metaspace       used 109849K, capacity 118734K, committed 118912K, reserved 1153024K
  class space    used 13837K, capacity 15731K, committed 15744K, reserved 1048576K
}

